stdClass::__set_state(array(
   'ID' => 14,
   'post_author' => '1',
   'post_date' => '2013-05-01 18:59:37',
   'post_date_gmt' => '2013-05-01 18:59:37',
   'post_content' => '',
   'post_title' => 'wunderlist2.png',
   'post_excerpt' => '',
   'post_status' => 'inherit',
   'comment_status' => 'open',
   'ping_status' => 'open',
   'post_password' => '',
   'post_name' => 'wunderlist2-png',
   'to_ping' => '',
   'pinged' => '',
   'post_modified' => '2013-05-01 18:59:37',
   'post_modified_gmt' => '2013-05-01 18:59:37',
   'post_content_filtered' => '',
   'post_parent' => 9,
   'guid' => '',
   'menu_order' => 0,
   'post_type' => 'attachment',
   'post_mime_type' => 'image/png',
   'comment_count' => '0',
   'filter' => 'raw',
))